<?xml version="1.0" encoding="UTF-8" ?>
<testsuite errors="0" failures="1" hostname="micarshow-PC" name="testAnt.SimpleCalculationTest" skipped="0" tests="1" time="0.108" timestamp="2015-09-10T04:23:53">
  <properties>
[...]
</properties>
  <testcase classname="testAnt.SimpleCalculationTest" name="testAdd" time="0.005">
    <failure message="expected:&lt;4&gt; but was:&lt;3&gt;" type="junit.framework.AssertionFailedError">junit.framework.AssertionFailedError: expected:&lt;4&gt; but was:&lt;3&gt;
	at testAnt.SimpleCalculationTest.testAdd(Unknown Source)
</failure>
  </testcase>
  <system-out><![CDATA[]]></system-out>
  <system-err><![CDATA[]]></system-err>
</testsuite>
